mode: set
github.com/relychan/gohttps/middlewares/compress.go:19.80,27.2 5 1
github.com/relychan/gohttps/middlewares/compress.go:29.52,31.16 2 1
github.com/relychan/gohttps/middlewares/compress.go:31.16,33.3 1 0
github.com/relychan/gohttps/middlewares/compress.go:35.2,35.11 1 1
github.com/relychan/gohttps/middlewares/compress.go:38.55,40.16 2 1
github.com/relychan/gohttps/middlewares/compress.go:40.16,42.3 1 0
github.com/relychan/gohttps/middlewares/compress.go:44.2,44.11 1 1
github.com/relychan/gohttps/middlewares/compress.go:47.52,49.16 2 1
github.com/relychan/gohttps/middlewares/compress.go:49.16,51.3 1 0
github.com/relychan/gohttps/middlewares/compress.go:53.2,53.11 1 1
github.com/relychan/gohttps/middlewares/decompress.go:19.49,20.53 1 1
github.com/relychan/gohttps/middlewares/decompress.go:20.53,21.45 1 1
github.com/relychan/gohttps/middlewares/decompress.go:21.45,25.4 2 1
github.com/relychan/gohttps/middlewares/decompress.go:27.3,29.57 2 1
github.com/relychan/gohttps/middlewares/decompress.go:29.57,33.4 2 1
github.com/relychan/gohttps/middlewares/decompress.go:35.3,35.33 1 1
github.com/relychan/gohttps/middlewares/decompress.go:35.33,38.74 2 1
github.com/relychan/gohttps/middlewares/decompress.go:38.74,42.5 2 1
github.com/relychan/gohttps/middlewares/decompress.go:44.4,48.18 2 1
github.com/relychan/gohttps/middlewares/decompress.go:48.18,52.5 2 1
github.com/relychan/gohttps/middlewares/decompress.go:54.4,58.10 3 1
github.com/relychan/gohttps/middlewares/decompress.go:61.3,65.17 3 1
github.com/relychan/gohttps/middlewares/decompress.go:65.17,69.4 2 0
github.com/relychan/gohttps/middlewares/decompress.go:71.3,77.45 4 1
github.com/relychan/gohttps/middlewares/decompress.go:77.45,80.74 2 1
github.com/relychan/gohttps/middlewares/decompress.go:80.74,81.13 1 1
github.com/relychan/gohttps/middlewares/decompress.go:84.4,86.13 2 1
github.com/relychan/gohttps/middlewares/decompress.go:86.13,88.19 2 1
github.com/relychan/gohttps/middlewares/decompress.go:88.19,92.6 2 0
github.com/relychan/gohttps/middlewares/decompress.go:95.4,99.18 2 1
github.com/relychan/gohttps/middlewares/decompress.go:99.18,102.13 2 1
github.com/relychan/gohttps/middlewares/decompress.go:105.4,109.10 3 1
github.com/relychan/gohttps/middlewares/decompress.go:112.3,112.26 1 1
github.com/relychan/gohttps/middlewares/decompress.go:112.26,114.4 1 0
github.com/relychan/gohttps/middlewares/decompress.go:114.9,116.4 1 1
github.com/relychan/gohttps/middlewares/decompress.go:119.2,119.29 1 1
github.com/relychan/gohttps/middlewares/decompress.go:122.80,135.21 5 1
github.com/relychan/gohttps/middlewares/decompress.go:135.21,140.3 1 0
github.com/relychan/gohttps/middlewares/decompress.go:143.83,146.16 2 1
github.com/relychan/gohttps/middlewares/decompress.go:146.16,148.3 1 1
github.com/relychan/gohttps/middlewares/decompress.go:150.2,156.21 4 1
github.com/relychan/gohttps/middlewares/decompress.go:156.21,161.3 1 0
github.com/relychan/gohttps/middlewares/max_body_size.go:13.76,14.46 1 1
github.com/relychan/gohttps/middlewares/max_body_size.go:14.46,15.32 1 1
github.com/relychan/gohttps/middlewares/max_body_size.go:15.32,17.4 1 1
github.com/relychan/gohttps/middlewares/max_body_size.go:19.3,23.72 3 1
github.com/relychan/gohttps/middlewares/max_body_size.go:23.72,24.46 1 1
github.com/relychan/gohttps/middlewares/max_body_size.go:24.46,28.5 2 1
github.com/relychan/gohttps/middlewares/max_body_size.go:30.4,30.38 1 1
github.com/relychan/gohttps/middlewares/max_body_size.go:30.38,42.19 4 1
github.com/relychan/gohttps/middlewares/max_body_size.go:42.19,47.6 1 0
github.com/relychan/gohttps/middlewares/max_body_size.go:49.5,49.11 1 1
github.com/relychan/gohttps/middlewares/max_body_size.go:53.4,56.24 3 1
